0 info it worked if it ends with ok
1 verbose cli [ '/usr/local/bin/node',
1 verbose cli   '/usr/local/bin/npm',
1 verbose cli   'install',
1 verbose cli   '-G',
1 verbose cli   'browserify' ]
2 info using npm@2.15.8
3 info using node@v4.4.7
4 verbose install initial load of /Users/macbookpro/Documents/developpement/sluck/package.json
5 warn package.json sluck@0.1.0 No README data
6 verbose installManyTop reading scoped package data from /Users/macbookpro/Documents/developpement/sluck/node_modules/body-parser/package.json
7 verbose installManyTop reading scoped package data from /Users/macbookpro/Documents/developpement/sluck/node_modules/client-sessions/package.json
8 verbose installManyTop reading scoped package data from /Users/macbookpro/Documents/developpement/sluck/node_modules/ejs/package.json
9 verbose installManyTop reading scoped package data from /Users/macbookpro/Documents/developpement/sluck/node_modules/express/package.json
10 verbose installManyTop reading scoped package data from /Users/macbookpro/Documents/developpement/sluck/node_modules/mysql/package.json
11 verbose installManyTop reading scoped package data from /Users/macbookpro/Documents/developpement/sluck/node_modules/nodemon/package.json
12 verbose installManyTop reading scoped package data from /Users/macbookpro/Documents/developpement/sluck/node_modules/npm-run-all/package.json
13 verbose installManyTop reading scoped package data from /Users/macbookpro/Documents/developpement/sluck/node_modules/socket.io/package.json
14 verbose installManyTop reading scoped package data from /Users/macbookpro/Documents/developpement/sluck/node_modules/watchify/package.json
15 info package.json client-sessions@0.7.0 No license field.
16 verbose readDependencies loading dependencies from /Users/macbookpro/Documents/developpement/sluck/package.json
17 silly cache add args [ 'browserify', null ]
18 verbose cache add spec browserify
19 silly cache add parsed spec Result {
19 silly cache add   raw: 'browserify',
19 silly cache add   scope: null,
19 silly cache add   name: 'browserify',
19 silly cache add   rawSpec: '',
19 silly cache add   spec: 'latest',
19 silly cache add   type: 'tag' }
20 silly addNamed browserify@latest
21 verbose addNamed "latest" is being treated as a dist-tag for browserify
22 info addNameTag [ 'browserify', 'latest' ]
23 silly mapToRegistry name browserify
24 silly mapToRegistry using default registry
25 silly mapToRegistry registry https://registry.npmjs.org/
26 silly mapToRegistry data Result {
26 silly mapToRegistry   raw: 'browserify',
26 silly mapToRegistry   scope: null,
26 silly mapToRegistry   name: 'browserify',
26 silly mapToRegistry   rawSpec: '',
26 silly mapToRegistry   spec: 'latest',
26 silly mapToRegistry   type: 'tag' }
27 silly mapToRegistry uri https://registry.npmjs.org/browserify
28 verbose addNameTag registry:https://registry.npmjs.org/browserify not in flight; fetching
29 verbose request uri https://registry.npmjs.org/browserify
30 verbose request no auth needed
31 info attempt registry request try #1 at 15:01:34
32 verbose request id ed45ca7a9ec8f029
33 http request GET https://registry.npmjs.org/browserify
34 info retry will retry, error on last attempt: Error: getaddrinfo ENOTFOUND registry.npmjs.org registry.npmjs.org:443
35 info attempt registry request try #2 at 15:01:44
36 http request GET https://registry.npmjs.org/browserify
37 info retry will retry, error on last attempt: Error: getaddrinfo ENOTFOUND registry.npmjs.org registry.npmjs.org:443
38 info attempt registry request try #3 at 15:02:44
39 http request GET https://registry.npmjs.org/browserify
40 verbose stack Error: getaddrinfo ENOTFOUND registry.npmjs.org registry.npmjs.org:443
40 verbose stack     at errnoException (dns.js:27:10)
40 verbose stack     at GetAddrInfoReqWrap.onlookup [as oncomplete] (dns.js:78:26)
41 verbose cwd /Users/macbookpro/Documents/developpement/sluck
42 error Darwin 15.6.0
43 error argv "/usr/local/bin/node" "/usr/local/bin/npm" "install" "-G" "browserify"
44 error node v4.4.7
45 error npm  v2.15.8
46 error code ENOTFOUND
47 error errno ENOTFOUND
48 error syscall getaddrinfo
49 error network getaddrinfo ENOTFOUND registry.npmjs.org registry.npmjs.org:443
49 error network This is most likely not a problem with npm itself
49 error network and is related to network connectivity.
49 error network In most cases you are behind a proxy or have bad network settings.
49 error network
49 error network If you are behind a proxy, please make sure that the
49 error network 'proxy' config is set properly.  See: 'npm help config'
50 verbose exit [ 1, true ]
